<?xml version="1.0" encoding="UTF-8"?>
<testsuite xmlns:xsi="http://www.w3.org/2001/XMLSchema-instance" xsi:noNamespaceSchemaLocation="https://maven.apache.org/surefire/maven-surefire-plugin/xsd/surefire-test-report-3.0.xsd" version="3.0" name="TestSuite" time="19.93" tests="1" errors="0" skipped="0" failures="0">
  <properties>
[...]
</properties>
  <testcase name="verify_login" classname="testCases.TC002_LoginTest" time="3.847">
    <system-out><![CDATA[2024-09-29T08:24:38.358527800Z main DEBUG Apache Log4j Core 2.24 initializing configuration XmlConfiguration[location=E:\Software Files\eclipse-workspace\06_selenium\OpenCartv0.1_HybridAutomationFramework\target\test-classes\log4j2.xml]
2024-09-29T08:24:38.364531800Z main DEBUG PluginManager 'Core' found 131 plugins
2024-09-29T08:24:38.364531800Z main DEBUG PluginManager 'Level' found 0 plugins
2024-09-29T08:24:38.372532100Z main DEBUG Building Plugin[name=Property, class=org.apache.logging.log4j.core.config.Property].
2024-09-29T08:24:38.404533200Z main DEBUG PluginManager 'TypeConverter' found 26 plugins
2024-09-29T08:24:38.420528600Z main DEBUG createProperty(name="basePath", value="./logs", Configuration(E:\Software Files\eclipse-workspace\06_selenium\OpenCartv0.1_HybridAutomationFramework\target\test-classes\log4j2.xml))
2024-09-29T08:24:38.421530100Z main DEBUG Building Plugin[name=Properties, class=org.apache.logging.log4j.core.config.PropertiesPlugin].
2024-09-29T08:24:38.427543500Z main DEBUG configureSubstitutor(={basePath=./logs}, Configuration(E:\Software Files\eclipse-workspace\06_selenium\OpenCartv0.1_HybridAutomationFramework\target\test-classes\log4j2.xml))
2024-09-29T08:24:38.429531200Z main DEBUG PluginManager 'Lookup' found 16 plugins
2024-09-29T08:24:38.430530900Z main DEBUG Building Plugin[name=layout, class=org.apache.logging.log4j.core.layout.PatternLayout].
2024-09-29T08:24:38.440532100Z main DEBUG PatternLayout$Builder(pattern="%d{HH:mm:ss.SSS} [%t] %-5level %logger{36} - %msg%n", PatternSelector=null, Configuration(E:\Software Files\eclipse-workspace\06_selenium\OpenCartv0.1_HybridAutomationFramework\target\test-classes\log4j2.xml), Replace=null, charset="null", alwaysWriteExceptions="null", disableAnsi="null", noConsoleNoAnsi="null", header="null", footer="null")
2024-09-29T08:24:38.441535300Z main DEBUG PluginManager 'Converter' found 45 plugins
2024-09-29T08:24:38.443538100Z main DEBUG Building Plugin[name=appender, class=org.apache.logging.log4j.core.appender.ConsoleAppender].
2024-09-29T08:24:38.456538900Z main DEBUG ConsoleAppender$Builder(target="SYSTEM_OUT", follow="null", direct="null", bufferedIo="null", bufferSize="null", immediateFlush="null", ignoreExceptions="null", PatternLayout(%d{HH:mm:ss.SSS} [%t] %-5level %logger{36} - %msg%n), name="Console", Configuration(E:\Software Files\eclipse-workspace\06_selenium\OpenCartv0.1_HybridAutomationFramework\target\test-classes\log4j2.xml), Filter=null, ={})
2024-09-29T08:24:38.461534800Z main DEBUG Starting OutputStreamManager SYSTEM_OUT.false.false
2024-09-29T08:24:38.462536Z main DEBUG Building Plugin[name=layout, class=org.apache.logging.log4j.core.layout.PatternLayout].
2024-09-29T08:24:38.463532600Z main DEBUG PatternLayout$Builder(pattern="%d{HH:mm:ss.SSS} [%t] %-5level %logger{36} - %msg%n", PatternSelector=null, Configuration(E:\Software Files\eclipse-workspace\06_selenium\OpenCartv0.1_HybridAutomationFramework\target\test-classes\log4j2.xml), Replace=null, charset="null", alwaysWriteExceptions="null", disableAnsi="null", noConsoleNoAnsi="null", header="null", footer="null")
2024-09-29T08:24:38.470531500Z main DEBUG Building Plugin[name=SizeBasedTriggeringPolicy, class=org.apache.logging.log4j.core.appender.rolling.SizeBasedTriggeringPolicy].
2024-09-29T08:24:38.477531500Z main DEBUG createPolicy(size="5000")
2024-09-29T08:24:38.485533200Z main DEBUG Building Plugin[name=appender, class=org.apache.logging.log4j.core.appender.RollingFileAppender].
2024-09-29T08:24:38.502534200Z main DEBUG RollingFileAppender$Builder(fileName="./logs/automation.log", filePattern="./logs/automation-%d{yyyy-MM-dd}.log", append="null", locking="null", SizeBasedTriggeringPolicy(SizeBasedTriggeringPolicy(size=5000)), Strategy=null, advertise="null", advertiseUri="null", createOnDemand="null", filePermissions="null", fileOwner="null", fileGroup="null", bufferedIo="null", bufferSize="null", immediateFlush="null", ignoreExceptions="null", PatternLayout(%d{HH:mm:ss.SSS} [%t] %-5level %logger{36} - %msg%n), name="File", Configuration(E:\Software Files\eclipse-workspace\06_selenium\OpenCartv0.1_HybridAutomationFramework\target\test-classes\log4j2.xml), Filter=null, ={})
2024-09-29T08:24:38.585533500Z main DEBUG Returning file creation time for E:\Software Files\eclipse-workspace\06_selenium\OpenCartv0.1_HybridAutomationFramework\.\logs\automation.log
2024-09-29T08:24:38.586648400Z main DEBUG Starting RollingFileManager ./logs/automation.log
2024-09-29T08:24:38.589534Z main DEBUG PluginManager 'FileConverter' found 2 plugins
2024-09-29T08:24:38.618531Z main DEBUG Setting prev file time to 2024-09-29T12:59:08.983+0530
2024-09-29T08:24:38.619529600Z main DEBUG Initializing triggering policy SizeBasedTriggeringPolicy(size=5000)
2024-09-29T08:24:38.619529600Z main DEBUG Building Plugin[name=Appenders, class=org.apache.logging.log4j.core.config.AppendersPlugin].
2024-09-29T08:24:38.620529800Z main DEBUG createAppenders(={Console, File})
2024-09-29T08:24:38.620529800Z main DEBUG Building Plugin[name=AppenderRef, class=org.apache.logging.log4j.core.config.AppenderRef].
2024-09-29T08:24:38.622532200Z main DEBUG createAppenderRef(ref="File", level="null", Filter=null)
2024-09-29T08:24:38.623536200Z main DEBUG Building Plugin[name=Root, class=org.apache.logging.log4j.core.config.LoggerConfig$RootLogger].
2024-09-29T08:24:38.632531300Z main DEBUG LoggerConfig$RootLogger$Builder(additivity="null", level="INFO", levelAndRefs="null", includeLocation="null", ={File}, ={}, Configuration(E:\Software Files\eclipse-workspace\06_selenium\OpenCartv0.1_HybridAutomationFramework\target\test-classes\log4j2.xml), Filter=null)
2024-09-29T08:24:38.637532700Z main DEBUG Building Plugin[name=Loggers, class=org.apache.logging.log4j.core.config.LoggersPlugin].
2024-09-29T08:24:38.638533900Z main DEBUG createLoggers(={root})
2024-09-29T08:24:38.638533900Z main DEBUG Configuration XmlConfiguration[location=E:\Software Files\eclipse-workspace\06_selenium\OpenCartv0.1_HybridAutomationFramework\target\test-classes\log4j2.xml] initialized
2024-09-29T08:24:38.639533700Z main DEBUG Starting configuration XmlConfiguration[location=E:\Software Files\eclipse-workspace\06_selenium\OpenCartv0.1_HybridAutomationFramework\target\test-classes\log4j2.xml]
2024-09-29T08:24:38.639533700Z main DEBUG Started configuration XmlConfiguration[location=E:\Software Files\eclipse-workspace\06_selenium\OpenCartv0.1_HybridAutomationFramework\target\test-classes\log4j2.xml] OK.
2024-09-29T08:24:38.640534200Z main DEBUG Shutting down OutputStreamManager SYSTEM_OUT.false.false-1
2024-09-29T08:24:38.640534200Z main DEBUG OutputStream closed
2024-09-29T08:24:38.640534200Z main DEBUG Shut down OutputStreamManager SYSTEM_OUT.false.false-1, all resources released: true
2024-09-29T08:24:38.641534Z main DEBUG Appender DefaultConsole-1 stopped with status true
2024-09-29T08:24:38.641534Z main DEBUG Stopped org.apache.logging.log4j.core.config.DefaultConfiguration@1cbb87f3 OK
2024-09-29T08:24:38.647532200Z main DEBUG org.apache.logging.log4j.core.util.SystemClock supports precise timestamps.
2024-09-29T08:24:38.648536700Z main DEBUG Reconfiguration complete for context[name=30946e09] at URI E:\Software Files\eclipse-workspace\06_selenium\OpenCartv0.1_HybridAutomationFramework\target\test-classes\log4j2.xml (org.apache.logging.log4j.core.LoggerContext@20435c40) with optional ClassLoader: null
2024-09-29T08:24:38.648536700Z main DEBUG Shutdown hook enabled. Registering a new one.
2024-09-29T08:24:38.651541800Z main DEBUG LoggerContext[name=30946e09, org.apache.logging.log4j.core.LoggerContext@20435c40] started OK.
EXTENT :: AbstractProcessor(mediaResolverPath=null, usingNaturalConf=true, keepLastRetryOnly=false)
windows :: chrome
LOCAL
]]></system-out>
    <system-err><![CDATA[Sep 29, 2024 1:54:46 PM org.openqa.selenium.devtools.CdpVersionFinder findNearestMatch
WARNING: Unable to find CDP implementation matching 114
Sep 29, 2024 1:54:46 PM org.openqa.selenium.chromium.ChromiumDriver lambda$new$5
WARNING: Unable to find version of CDP to use for 114.0.5735.91. You may need to include a dependency on a specific version of the CDP using something similar to `org.seleniumhq.selenium:selenium-devtools-v86:4.24.0` where the version ("v86") matches the version of the chromium-based browser you're using and the version number of the artifact is the same as Selenium's.
]]></system-err>
  </testcase>
</testsuite>